[2026-06-22T02:06:43.761+0000] {taskinstance.py:1957} INFO - Dependencies all met for dep_context=non-requeueable deps ti=<TaskInstance: azure_to_snowflake.load_to_raw scheduled__2026-06-18T18:30:00+00:00 [queued]>
[2026-06-22T02:06:43.772+0000] {taskinstance.py:1957} INFO - Dependencies all met for dep_context=requeueable deps ti=<TaskInstance: azure_to_snowflake.load_to_raw scheduled__2026-06-18T18:30:00+00:00 [queued]>
[2026-06-22T02:06:43.773+0000] {taskinstance.py:2171} INFO - Starting attempt 12 of 13
[2026-06-22T02:06:43.791+0000] {taskinstance.py:2192} INFO - Executing <Task(PythonOperator): load_to_raw> on 2026-06-18 18:30:00+00:00
[2026-06-22T02:06:43.799+0000] {standard_task_runner.py:60} INFO - Started process 1149 to run task
[2026-06-22T02:06:43.803+0000] {standard_task_runner.py:87} INFO - Running: ['***', 'tasks', 'run', 'azure_to_snowflake', 'load_to_raw', 'scheduled__2026-06-18T18:30:00+00:00', '--job-id', '27', '--raw', '--subdir', 'DAGS_FOLDER/azure_to_snowflake.py', '--cfg-path', '/tmp/tmpuzcyycc_']
[2026-06-22T02:06:43.807+0000] {standard_task_runner.py:88} INFO - Job 27: Subtask load_to_raw
[2026-06-22T02:06:43.885+0000] {task_command.py:423} INFO - Running <TaskInstance: azure_to_snowflake.load_to_raw scheduled__2026-06-18T18:30:00+00:00 [running]> on host 2dd081fc6bc2
[2026-06-22T02:06:43.982+0000] {taskinstance.py:2481} INFO - Exporting env vars: AIRFLOW_CTX_DAG_OWNER='ibraheem' AIRFLOW_CTX_DAG_ID='azure_to_snowflake' AIRFLOW_CTX_TASK_ID='load_to_raw' AIRFLOW_CTX_EXECUTION_DATE='2026-06-18T18:30:00+00:00' AIRFLOW_CTX_TRY_NUMBER='12' AIRFLOW_CTX_DAG_RUN_ID='scheduled__2026-06-18T18:30:00+00:00'
[2026-06-22T02:06:44.000+0000] {base.py:83} INFO - Using connection ID 'azure_blob_connection' for task execution.
[2026-06-22T02:06:44.615+0000] {logging_mixin.py:188} INFO - ✅ قرأت الملف: financial/raw_20260622_020132.json
[2026-06-22T02:06:44.616+0000] {connection.py:370} INFO - Snowflake Connector for Python Version: 3.6.0, Python Version: 3.8.18, Platform: Linux-6.18.33.1-microsoft-standard-WSL2-x86_64-with-glibc2.34
[2026-06-22T02:06:44.619+0000] {connection.py:1171} INFO - This connection is in OCSP Fail Open Mode. TLS Certificates would be checked for validity and revocation status. Any other Certificate Revocation related exceptions or OCSP Responder failures would be disregarded in favor of connectivity.
[2026-06-22T02:06:45.262+0000] {cursor.py:1028} INFO - query: [INSERT INTO FINANCIAL_DW.RAW.STOCKS (SYMBOL, TRADE_DATE, OPEN_PRICE, HIGH_PRICE,...]
[2026-06-22T02:06:45.946+0000] {cursor.py:1041} INFO - query execution done
[2026-06-22T02:06:45.948+0000] {logging_mixin.py:188} INFO - ✅ Stocks: 1 صف
[2026-06-22T02:06:45.949+0000] {cursor.py:1028} INFO - query: [INSERT INTO FINANCIAL_DW.RAW.FOREX (FROM_CURRENCY, TO_CURRENCY, EXCHANGE_RATE, B...]
[2026-06-22T02:06:46.239+0000] {cursor.py:1041} INFO - query execution done
[2026-06-22T02:06:46.240+0000] {logging_mixin.py:188} INFO - ✅ Forex: 1 صف
[2026-06-22T02:06:46.242+0000] {connection.py:718} INFO - closed
[2026-06-22T02:06:46.327+0000] {connection.py:724} INFO - No async queries seem to be running, deleting session
[2026-06-22T02:06:46.408+0000] {python.py:201} INFO - Done. Returned value was: None
[2026-06-22T02:06:46.422+0000] {taskinstance.py:1138} INFO - Marking task as SUCCESS. dag_id=azure_to_snowflake, task_id=load_to_raw, execution_date=20260618T183000, start_date=20260622T020643, end_date=20260622T020646
[2026-06-22T02:06:46.469+0000] {local_task_job_runner.py:234} INFO - Task exited with return code 0
[2026-06-22T02:06:46.502+0000] {taskinstance.py:3281} INFO - 1 downstream tasks scheduled from follow-on schedule check
