[2026-06-22T01:06:45.847+0000] {taskinstance.py:1957} INFO - Dependencies all met for dep_context=non-requeueable deps ti=<TaskInstance: azure_to_snowflake.load_to_raw scheduled__2026-06-18T18:30:00+00:00 [queued]>
[2026-06-22T01:06:45.858+0000] {taskinstance.py:1957} INFO - Dependencies all met for dep_context=requeueable deps ti=<TaskInstance: azure_to_snowflake.load_to_raw scheduled__2026-06-18T18:30:00+00:00 [queued]>
[2026-06-22T01:06:45.859+0000] {taskinstance.py:2171} INFO - Starting attempt 2 of 3
[2026-06-22T01:06:45.876+0000] {taskinstance.py:2192} INFO - Executing <Task(PythonOperator): load_to_raw> on 2026-06-18 18:30:00+00:00
[2026-06-22T01:06:45.885+0000] {standard_task_runner.py:60} INFO - Started process 2577 to run task
[2026-06-22T01:06:45.890+0000] {standard_task_runner.py:87} INFO - Running: ['***', 'tasks', 'run', 'azure_to_snowflake', 'load_to_raw', 'scheduled__2026-06-18T18:30:00+00:00', '--job-id', '20', '--raw', '--subdir', 'DAGS_FOLDER/azure_to_snowflake.py', '--cfg-path', '/tmp/tmp4we737nd']
[2026-06-22T01:06:45.895+0000] {standard_task_runner.py:88} INFO - Job 20: Subtask load_to_raw
[2026-06-22T01:06:45.975+0000] {task_command.py:423} INFO - Running <TaskInstance: azure_to_snowflake.load_to_raw scheduled__2026-06-18T18:30:00+00:00 [running]> on host 1f9773bd486f
[2026-06-22T01:06:46.094+0000] {taskinstance.py:2481} INFO - Exporting env vars: AIRFLOW_CTX_DAG_OWNER='ibraheem' AIRFLOW_CTX_DAG_ID='azure_to_snowflake' AIRFLOW_CTX_TASK_ID='load_to_raw' AIRFLOW_CTX_EXECUTION_DATE='2026-06-18T18:30:00+00:00' AIRFLOW_CTX_TRY_NUMBER='2' AIRFLOW_CTX_DAG_RUN_ID='scheduled__2026-06-18T18:30:00+00:00'
[2026-06-22T01:06:46.106+0000] {taskinstance.py:2699} ERROR - Task failed with exception
Traceback (most recent call last):
  File "/home/airflow/.local/lib/python3.8/site-packages/airflow/models/taskinstance.py", line 433, in _execute_task
    result = execute_callable(context=context, **execute_callable_kwargs)
  File "/home/airflow/.local/lib/python3.8/site-packages/airflow/operators/python.py", line 199, in execute
    return_value = self.execute_callable()
  File "/home/airflow/.local/lib/python3.8/site-packages/airflow/operators/python.py", line 216, in execute_callable
    return self.python_callable(*self.op_args, **self.op_kwargs)
  File "/opt/airflow/dags/azure_to_snowflake.py", line 27, in load_latest_blob_to_snowflake
    blobs_list = azure_hook.list_blobs(container_name=CONTAINER_NAME, prefix="financial/")
AttributeError: 'WasbHook' object has no attribute 'list_blobs'
[2026-06-22T01:06:46.120+0000] {taskinstance.py:1138} INFO - Marking task as UP_FOR_RETRY. dag_id=azure_to_snowflake, task_id=load_to_raw, execution_date=20260618T183000, start_date=20260622T010645, end_date=20260622T010646
[2026-06-22T01:06:46.132+0000] {standard_task_runner.py:107} ERROR - Failed to execute job 20 for task load_to_raw ('WasbHook' object has no attribute 'list_blobs'; 2577)
[2026-06-22T01:06:46.184+0000] {local_task_job_runner.py:234} INFO - Task exited with return code 1
[2026-06-22T01:06:46.214+0000] {taskinstance.py:3281} INFO - 0 downstream tasks scheduled from follow-on schedule check
[2026-06-22T01:40:50.824+0000] {taskinstance.py:1957} INFO - Dependencies all met for dep_context=non-requeueable deps ti=<TaskInstance: azure_to_snowflake.load_to_raw scheduled__2026-06-18T18:30:00+00:00 [queued]>
[2026-06-22T01:40:50.834+0000] {taskinstance.py:1957} INFO - Dependencies all met for dep_context=requeueable deps ti=<TaskInstance: azure_to_snowflake.load_to_raw scheduled__2026-06-18T18:30:00+00:00 [queued]>
[2026-06-22T01:40:50.835+0000] {taskinstance.py:2171} INFO - Starting attempt 2 of 3
[2026-06-22T01:40:50.849+0000] {taskinstance.py:2192} INFO - Executing <Task(PythonOperator): load_to_raw> on 2026-06-18 18:30:00+00:00
[2026-06-22T01:40:50.860+0000] {standard_task_runner.py:60} INFO - Started process 535 to run task
[2026-06-22T01:40:50.865+0000] {standard_task_runner.py:87} INFO - Running: ['***', 'tasks', 'run', 'azure_to_snowflake', 'load_to_raw', 'scheduled__2026-06-18T18:30:00+00:00', '--job-id', '6', '--raw', '--subdir', 'DAGS_FOLDER/azure_to_snowflake.py', '--cfg-path', '/tmp/tmp9wae07nz']
[2026-06-22T01:40:50.869+0000] {standard_task_runner.py:88} INFO - Job 6: Subtask load_to_raw
[2026-06-22T01:40:50.949+0000] {task_command.py:423} INFO - Running <TaskInstance: azure_to_snowflake.load_to_raw scheduled__2026-06-18T18:30:00+00:00 [running]> on host 2dd081fc6bc2
[2026-06-22T01:40:51.041+0000] {taskinstance.py:2481} INFO - Exporting env vars: AIRFLOW_CTX_DAG_OWNER='ibraheem' AIRFLOW_CTX_DAG_ID='azure_to_snowflake' AIRFLOW_CTX_TASK_ID='load_to_raw' AIRFLOW_CTX_EXECUTION_DATE='2026-06-18T18:30:00+00:00' AIRFLOW_CTX_TRY_NUMBER='2' AIRFLOW_CTX_DAG_RUN_ID='scheduled__2026-06-18T18:30:00+00:00'
[2026-06-22T01:40:51.046+0000] {taskinstance.py:2699} ERROR - Task failed with exception
Traceback (most recent call last):
  File "/home/airflow/.local/lib/python3.8/site-packages/airflow/models/taskinstance.py", line 433, in _execute_task
    result = execute_callable(context=context, **execute_callable_kwargs)
  File "/home/airflow/.local/lib/python3.8/site-packages/airflow/operators/python.py", line 199, in execute
    return_value = self.execute_callable()
  File "/home/airflow/.local/lib/python3.8/site-packages/airflow/operators/python.py", line 216, in execute_callable
    return self.python_callable(*self.op_args, **self.op_kwargs)
  File "/opt/airflow/dags/azure_to_snowflake.py", line 27, in load_latest_blob_to_snowflake
    blobs_list = azure_hook.list_blobs(container_name=CONTAINER_NAME, prefix="financial/")
AttributeError: 'WasbHook' object has no attribute 'list_blobs'
[2026-06-22T01:40:51.065+0000] {taskinstance.py:1138} INFO - Marking task as UP_FOR_RETRY. dag_id=azure_to_snowflake, task_id=load_to_raw, execution_date=20260618T183000, start_date=20260622T014050, end_date=20260622T014051
[2026-06-22T01:40:51.077+0000] {standard_task_runner.py:107} ERROR - Failed to execute job 6 for task load_to_raw ('WasbHook' object has no attribute 'list_blobs'; 535)
[2026-06-22T01:40:51.119+0000] {local_task_job_runner.py:234} INFO - Task exited with return code 1
[2026-06-22T01:40:51.166+0000] {taskinstance.py:3281} INFO - 0 downstream tasks scheduled from follow-on schedule check
