[2026-06-22T02:00:54.341+0000] {taskinstance.py:1957} INFO - Dependencies all met for dep_context=non-requeueable deps ti=<TaskInstance: azure_to_snowflake.load_to_raw scheduled__2026-06-18T18:30:00+00:00 [queued]>
[2026-06-22T02:00:54.351+0000] {taskinstance.py:1957} INFO - Dependencies all met for dep_context=requeueable deps ti=<TaskInstance: azure_to_snowflake.load_to_raw scheduled__2026-06-18T18:30:00+00:00 [queued]>
[2026-06-22T02:00:54.352+0000] {taskinstance.py:2171} INFO - Starting attempt 10 of 12
[2026-06-22T02:00:54.371+0000] {taskinstance.py:2192} INFO - Executing <Task(PythonOperator): load_to_raw> on 2026-06-18 18:30:00+00:00
[2026-06-22T02:00:54.379+0000] {standard_task_runner.py:60} INFO - Started process 996 to run task
[2026-06-22T02:00:54.383+0000] {standard_task_runner.py:87} INFO - Running: ['***', 'tasks', 'run', 'azure_to_snowflake', 'load_to_raw', 'scheduled__2026-06-18T18:30:00+00:00', '--job-id', '19', '--raw', '--subdir', 'DAGS_FOLDER/azure_to_snowflake.py', '--cfg-path', '/tmp/tmpwikxvk6i']
[2026-06-22T02:00:54.388+0000] {standard_task_runner.py:88} INFO - Job 19: Subtask load_to_raw
[2026-06-22T02:00:54.462+0000] {task_command.py:423} INFO - Running <TaskInstance: azure_to_snowflake.load_to_raw scheduled__2026-06-18T18:30:00+00:00 [running]> on host 2dd081fc6bc2
[2026-06-22T02:00:54.551+0000] {taskinstance.py:2481} INFO - Exporting env vars: AIRFLOW_CTX_DAG_OWNER='ibraheem' AIRFLOW_CTX_DAG_ID='azure_to_snowflake' AIRFLOW_CTX_TASK_ID='load_to_raw' AIRFLOW_CTX_EXECUTION_DATE='2026-06-18T18:30:00+00:00' AIRFLOW_CTX_TRY_NUMBER='10' AIRFLOW_CTX_DAG_RUN_ID='scheduled__2026-06-18T18:30:00+00:00'
[2026-06-22T02:00:54.568+0000] {base.py:83} INFO - Using connection ID 'azure_blob_connection' for task execution.
[2026-06-22T02:00:55.039+0000] {logging_mixin.py:188} INFO - ✅ قرأت الملف: financial/raw_20260622_015613.json
[2026-06-22T02:00:55.040+0000] {connection.py:370} INFO - Snowflake Connector for Python Version: 3.6.0, Python Version: 3.8.18, Platform: Linux-6.18.33.1-microsoft-standard-WSL2-x86_64-with-glibc2.34
[2026-06-22T02:00:55.052+0000] {taskinstance.py:2699} ERROR - Task failed with exception
Traceback (most recent call last):
  File "/home/airflow/.local/lib/python3.8/site-packages/airflow/models/taskinstance.py", line 433, in _execute_task
    result = execute_callable(context=context, **execute_callable_kwargs)
  File "/home/airflow/.local/lib/python3.8/site-packages/airflow/operators/python.py", line 199, in execute
    return_value = self.execute_callable()
  File "/home/airflow/.local/lib/python3.8/site-packages/airflow/operators/python.py", line 216, in execute_callable
    return self.python_callable(*self.op_args, **self.op_kwargs)
  File "/opt/airflow/dags/azure_to_snowflake.py", line 42, in load_latest_blob_to_snowflake
    conn = snowflake.connector.connect(**SNOWFLAKE_CFG)
  File "/home/airflow/.local/lib/python3.8/site-packages/snowflake/connector/__init__.py", line 54, in Connect
    return SnowflakeConnection(**kwargs)
  File "/home/airflow/.local/lib/python3.8/site-packages/snowflake/connector/connection.py", line 413, in __init__
    self.connect(**kwargs)
  File "/home/airflow/.local/lib/python3.8/site-packages/snowflake/connector/connection.py", line 667, in connect
    self.__config(**kwargs)
  File "/home/airflow/.local/lib/python3.8/site-packages/snowflake/connector/connection.py", line 1140, in __config
    Error.errorhandler_wrapper(
  File "/home/airflow/.local/lib/python3.8/site-packages/snowflake/connector/errors.py", line 290, in errorhandler_wrapper
    handed_over = Error.hand_to_other_handler(
  File "/home/airflow/.local/lib/python3.8/site-packages/snowflake/connector/errors.py", line 348, in hand_to_other_handler
    connection.errorhandler(connection, cursor, error_class, error_value)
  File "/home/airflow/.local/lib/python3.8/site-packages/snowflake/connector/errors.py", line 221, in default_errorhandler
    raise error_class(
snowflake.connector.errors.ProgrammingError: 251006: 251006: Password is empty
[2026-06-22T02:00:55.063+0000] {taskinstance.py:1138} INFO - Marking task as UP_FOR_RETRY. dag_id=azure_to_snowflake, task_id=load_to_raw, execution_date=20260618T183000, start_date=20260622T020054, end_date=20260622T020055
[2026-06-22T02:00:55.083+0000] {standard_task_runner.py:107} ERROR - Failed to execute job 19 for task load_to_raw (251006: 251006: Password is empty; 996)
[2026-06-22T02:00:55.120+0000] {local_task_job_runner.py:234} INFO - Task exited with return code 1
[2026-06-22T02:00:55.152+0000] {taskinstance.py:3281} INFO - 0 downstream tasks scheduled from follow-on schedule check
