[2026-06-22T01:44:45.493+0000] {taskinstance.py:1957} INFO - Dependencies all met for dep_context=non-requeueable deps ti=<TaskInstance: azure_to_snowflake.load_to_raw scheduled__2026-06-18T18:30:00+00:00 [queued]>
[2026-06-22T01:44:45.507+0000] {taskinstance.py:1957} INFO - Dependencies all met for dep_context=requeueable deps ti=<TaskInstance: azure_to_snowflake.load_to_raw scheduled__2026-06-18T18:30:00+00:00 [queued]>
[2026-06-22T01:44:45.509+0000] {taskinstance.py:2171} INFO - Starting attempt 4 of 6
[2026-06-22T01:44:45.530+0000] {taskinstance.py:2192} INFO - Executing <Task(PythonOperator): load_to_raw> on 2026-06-18 18:30:00+00:00
[2026-06-22T01:44:45.542+0000] {standard_task_runner.py:60} INFO - Started process 627 to run task
[2026-06-22T01:44:45.546+0000] {standard_task_runner.py:87} INFO - Running: ['***', 'tasks', 'run', 'azure_to_snowflake', 'load_to_raw', 'scheduled__2026-06-18T18:30:00+00:00', '--job-id', '10', '--raw', '--subdir', 'DAGS_FOLDER/azure_to_snowflake.py', '--cfg-path', '/tmp/tmpdo40jc9f']
[2026-06-22T01:44:45.550+0000] {standard_task_runner.py:88} INFO - Job 10: Subtask load_to_raw
[2026-06-22T01:44:45.625+0000] {task_command.py:423} INFO - Running <TaskInstance: azure_to_snowflake.load_to_raw scheduled__2026-06-18T18:30:00+00:00 [running]> on host 2dd081fc6bc2
[2026-06-22T01:44:45.723+0000] {taskinstance.py:2481} INFO - Exporting env vars: AIRFLOW_CTX_DAG_OWNER='ibraheem' AIRFLOW_CTX_DAG_ID='azure_to_snowflake' AIRFLOW_CTX_TASK_ID='load_to_raw' AIRFLOW_CTX_EXECUTION_DATE='2026-06-18T18:30:00+00:00' AIRFLOW_CTX_TRY_NUMBER='4' AIRFLOW_CTX_DAG_RUN_ID='scheduled__2026-06-18T18:30:00+00:00'
[2026-06-22T01:44:45.730+0000] {taskinstance.py:2699} ERROR - Task failed with exception
Traceback (most recent call last):
  File "/home/airflow/.local/lib/python3.8/site-packages/airflow/models/taskinstance.py", line 433, in _execute_task
    result = execute_callable(context=context, **execute_callable_kwargs)
  File "/home/airflow/.local/lib/python3.8/site-packages/airflow/operators/python.py", line 199, in execute
    return_value = self.execute_callable()
  File "/home/airflow/.local/lib/python3.8/site-packages/airflow/operators/python.py", line 216, in execute_callable
    return self.python_callable(*self.op_args, **self.op_kwargs)
  File "/opt/airflow/dags/azure_to_snowflake.py", line 27, in load_latest_blob_to_snowflake
    blobs_list = azure_hook.list_blobs(container_name=CONTAINER_NAME, prefix="financial/")
AttributeError: 'WasbHook' object has no attribute 'list_blobs'
[2026-06-22T01:44:45.750+0000] {taskinstance.py:1138} INFO - Marking task as UP_FOR_RETRY. dag_id=azure_to_snowflake, task_id=load_to_raw, execution_date=20260618T183000, start_date=20260622T014445, end_date=20260622T014445
[2026-06-22T01:44:45.766+0000] {standard_task_runner.py:107} ERROR - Failed to execute job 10 for task load_to_raw ('WasbHook' object has no attribute 'list_blobs'; 627)
[2026-06-22T01:44:45.801+0000] {local_task_job_runner.py:234} INFO - Task exited with return code 1
[2026-06-22T01:44:45.838+0000] {taskinstance.py:3281} INFO - 0 downstream tasks scheduled from follow-on schedule check
