[2026-06-22T01:11:49.588+0000] {taskinstance.py:1957} INFO - Dependencies all met for dep_context=non-requeueable deps ti=<TaskInstance: azure_to_snowflake.load_to_raw manual__2026-06-22T01:01:43.446495+00:00 [queued]>
[2026-06-22T01:11:49.602+0000] {taskinstance.py:1957} INFO - Dependencies all met for dep_context=requeueable deps ti=<TaskInstance: azure_to_snowflake.load_to_raw manual__2026-06-22T01:01:43.446495+00:00 [queued]>
[2026-06-22T01:11:49.603+0000] {taskinstance.py:2171} INFO - Starting attempt 3 of 3
[2026-06-22T01:11:49.623+0000] {taskinstance.py:2192} INFO - Executing <Task(PythonOperator): load_to_raw> on 2026-06-22 01:01:43.446495+00:00
[2026-06-22T01:11:49.634+0000] {standard_task_runner.py:60} INFO - Started process 2685 to run task
[2026-06-22T01:11:49.638+0000] {standard_task_runner.py:87} INFO - Running: ['***', 'tasks', 'run', 'azure_to_snowflake', 'load_to_raw', 'manual__2026-06-22T01:01:43.446495+00:00', '--job-id', '23', '--raw', '--subdir', 'DAGS_FOLDER/azure_to_snowflake.py', '--cfg-path', '/tmp/tmpasxyzdgi']
[2026-06-22T01:11:49.642+0000] {standard_task_runner.py:88} INFO - Job 23: Subtask load_to_raw
[2026-06-22T01:11:49.711+0000] {task_command.py:423} INFO - Running <TaskInstance: azure_to_snowflake.load_to_raw manual__2026-06-22T01:01:43.446495+00:00 [running]> on host 1f9773bd486f
[2026-06-22T01:11:49.811+0000] {taskinstance.py:2481} INFO - Exporting env vars: AIRFLOW_CTX_DAG_OWNER='ibraheem' AIRFLOW_CTX_DAG_ID='azure_to_snowflake' AIRFLOW_CTX_TASK_ID='load_to_raw' AIRFLOW_CTX_EXECUTION_DATE='2026-06-22T01:01:43.446495+00:00' AIRFLOW_CTX_TRY_NUMBER='3' AIRFLOW_CTX_DAG_RUN_ID='manual__2026-06-22T01:01:43.446495+00:00'
[2026-06-22T01:11:49.819+0000] {taskinstance.py:2699} ERROR - Task failed with exception
Traceback (most recent call last):
  File "/home/airflow/.local/lib/python3.8/site-packages/airflow/models/taskinstance.py", line 433, in _execute_task
    result = execute_callable(context=context, **execute_callable_kwargs)
  File "/home/airflow/.local/lib/python3.8/site-packages/airflow/operators/python.py", line 199, in execute
    return_value = self.execute_callable()
  File "/home/airflow/.local/lib/python3.8/site-packages/airflow/operators/python.py", line 216, in execute_callable
    return self.python_callable(*self.op_args, **self.op_kwargs)
  File "/opt/airflow/dags/azure_to_snowflake.py", line 27, in load_latest_blob_to_snowflake
    blobs_list = azure_hook.list_blobs(container_name=CONTAINER_NAME, prefix="financial/")
AttributeError: 'WasbHook' object has no attribute 'list_blobs'
[2026-06-22T01:11:49.842+0000] {taskinstance.py:1138} INFO - Marking task as FAILED. dag_id=azure_to_snowflake, task_id=load_to_raw, execution_date=20260622T010143, start_date=20260622T011149, end_date=20260622T011149
[2026-06-22T01:11:49.866+0000] {standard_task_runner.py:107} ERROR - Failed to execute job 23 for task load_to_raw ('WasbHook' object has no attribute 'list_blobs'; 2685)
[2026-06-22T01:11:49.893+0000] {local_task_job_runner.py:234} INFO - Task exited with return code 1
[2026-06-22T01:11:49.942+0000] {taskinstance.py:3281} INFO - 0 downstream tasks scheduled from follow-on schedule check
