[2026-06-22T02:06:48.955+0000] {taskinstance.py:1957} INFO - Dependencies all met for dep_context=non-requeueable deps ti=<TaskInstance: azure_to_snowflake.refresh_staging scheduled__2026-06-18T18:30:00+00:00 [queued]>
[2026-06-22T02:06:48.970+0000] {taskinstance.py:1957} INFO - Dependencies all met for dep_context=requeueable deps ti=<TaskInstance: azure_to_snowflake.refresh_staging scheduled__2026-06-18T18:30:00+00:00 [queued]>
[2026-06-22T02:06:48.971+0000] {taskinstance.py:2171} INFO - Starting attempt 1 of 3
[2026-06-22T02:06:48.994+0000] {taskinstance.py:2192} INFO - Executing <Task(PythonOperator): refresh_staging> on 2026-06-18 18:30:00+00:00
[2026-06-22T02:06:49.007+0000] {standard_task_runner.py:60} INFO - Started process 1152 to run task
[2026-06-22T02:06:49.013+0000] {standard_task_runner.py:87} INFO - Running: ['***', 'tasks', 'run', 'azure_to_snowflake', 'refresh_staging', 'scheduled__2026-06-18T18:30:00+00:00', '--job-id', '28', '--raw', '--subdir', 'DAGS_FOLDER/azure_to_snowflake.py', '--cfg-path', '/tmp/tmp5yxl00rw']
[2026-06-22T02:06:49.019+0000] {standard_task_runner.py:88} INFO - Job 28: Subtask refresh_staging
[2026-06-22T02:06:49.126+0000] {task_command.py:423} INFO - Running <TaskInstance: azure_to_snowflake.refresh_staging scheduled__2026-06-18T18:30:00+00:00 [running]> on host 2dd081fc6bc2
[2026-06-22T02:06:49.223+0000] {taskinstance.py:2481} INFO - Exporting env vars: AIRFLOW_CTX_DAG_OWNER='ibraheem' AIRFLOW_CTX_DAG_ID='azure_to_snowflake' AIRFLOW_CTX_TASK_ID='refresh_staging' AIRFLOW_CTX_EXECUTION_DATE='2026-06-18T18:30:00+00:00' AIRFLOW_CTX_TRY_NUMBER='1' AIRFLOW_CTX_DAG_RUN_ID='scheduled__2026-06-18T18:30:00+00:00'
[2026-06-22T02:06:49.227+0000] {connection.py:370} INFO - Snowflake Connector for Python Version: 3.6.0, Python Version: 3.8.18, Platform: Linux-6.18.33.1-microsoft-standard-WSL2-x86_64-with-glibc2.34
[2026-06-22T02:06:49.229+0000] {connection.py:1171} INFO - This connection is in OCSP Fail Open Mode. TLS Certificates would be checked for validity and revocation status. Any other Certificate Revocation related exceptions or OCSP Responder failures would be disregarded in favor of connectivity.
[2026-06-22T02:06:49.949+0000] {cursor.py:1028} INFO - query: [CREATE OR REPLACE TABLE FINANCIAL_DW.STAGING.STOCKS_CLEAN AS SELECT *, ROUND(CLO...]
[2026-06-22T02:06:51.590+0000] {cursor.py:1041} INFO - query execution done
[2026-06-22T02:06:51.592+0000] {cursor.py:1205} INFO - Number of results in first chunk: 1
[2026-06-22T02:06:51.593+0000] {logging_mixin.py:188} INFO - ✅ STAGING.STOCKS_CLEAN محدّثة
[2026-06-22T02:06:51.594+0000] {cursor.py:1028} INFO - query: [CREATE OR REPLACE TABLE FINANCIAL_DW.STAGING.FOREX_CLEAN AS SELECT *, CONCAT(FRO...]
[2026-06-22T02:06:53.485+0000] {cursor.py:1041} INFO - query execution done
[2026-06-22T02:06:53.486+0000] {cursor.py:1205} INFO - Number of results in first chunk: 1
[2026-06-22T02:06:53.487+0000] {logging_mixin.py:188} INFO - ✅ STAGING.FOREX_CLEAN محدّثة
[2026-06-22T02:06:53.488+0000] {connection.py:718} INFO - closed
[2026-06-22T02:06:53.576+0000] {connection.py:724} INFO - No async queries seem to be running, deleting session
[2026-06-22T02:06:53.655+0000] {python.py:201} INFO - Done. Returned value was: None
[2026-06-22T02:06:53.669+0000] {taskinstance.py:1138} INFO - Marking task as SUCCESS. dag_id=azure_to_snowflake, task_id=refresh_staging, execution_date=20260618T183000, start_date=20260622T020648, end_date=20260622T020653
[2026-06-22T02:06:53.731+0000] {local_task_job_runner.py:234} INFO - Task exited with return code 0
[2026-06-22T02:06:53.760+0000] {taskinstance.py:3281} INFO - 0 downstream tasks scheduled from follow-on schedule check
