[2026-06-22T01:00:37.595+0000] {taskinstance.py:1957} INFO - Dependencies all met for dep_context=non-requeueable deps ti=<TaskInstance: financial_to_azure.fetch_forex scheduled__2026-06-18T18:00:00+00:00 [queued]>
[2026-06-22T01:00:37.613+0000] {taskinstance.py:1957} INFO - Dependencies all met for dep_context=requeueable deps ti=<TaskInstance: financial_to_azure.fetch_forex scheduled__2026-06-18T18:00:00+00:00 [queued]>
[2026-06-22T01:00:37.615+0000] {taskinstance.py:2171} INFO - Starting attempt 1 of 3
[2026-06-22T01:00:37.646+0000] {taskinstance.py:2192} INFO - Executing <Task(PythonOperator): fetch_forex> on 2026-06-18 18:00:00+00:00
[2026-06-22T01:00:37.661+0000] {standard_task_runner.py:60} INFO - Started process 2434 to run task
[2026-06-22T01:00:37.668+0000] {standard_task_runner.py:87} INFO - Running: ['***', 'tasks', 'run', 'financial_to_azure', 'fetch_forex', 'scheduled__2026-06-18T18:00:00+00:00', '--job-id', '11', '--raw', '--subdir', 'DAGS_FOLDER/financial_to_azure.py', '--cfg-path', '/tmp/tmpoqt31nuc']
[2026-06-22T01:00:37.677+0000] {standard_task_runner.py:88} INFO - Job 11: Subtask fetch_forex
[2026-06-22T01:00:37.882+0000] {task_command.py:423} INFO - Running <TaskInstance: financial_to_azure.fetch_forex scheduled__2026-06-18T18:00:00+00:00 [running]> on host 1f9773bd486f
[2026-06-22T01:00:38.073+0000] {taskinstance.py:2481} INFO - Exporting env vars: AIRFLOW_CTX_DAG_OWNER='ibraheem' AIRFLOW_CTX_DAG_ID='financial_to_azure' AIRFLOW_CTX_TASK_ID='fetch_forex' AIRFLOW_CTX_EXECUTION_DATE='2026-06-18T18:00:00+00:00' AIRFLOW_CTX_TRY_NUMBER='1' AIRFLOW_CTX_DAG_RUN_ID='scheduled__2026-06-18T18:00:00+00:00'
[2026-06-22T01:00:38.628+0000] {logging_mixin.py:188} INFO - ❌ EUR/USD: {'Information': 'Thank you for using Alpha Vantage! Please consider spreading out your free API requests more sparingly (1 request per second). You may subscribe to any of the premium plans at https://www.alphavantage.co/premium/ to lift the free key rate limit (25 requests per day), raise the per-second burst limit, and instantly unlock all premium endpoints'}
[2026-06-22T01:00:38.928+0000] {logging_mixin.py:188} INFO - ❌ USD/EGP: {'Information': 'Thank you for using Alpha Vantage! Please consider spreading out your free API requests more sparingly (1 request per second). You may subscribe to any of the premium plans at https://www.alphavantage.co/premium/ to lift the free key rate limit (25 requests per day), raise the per-second burst limit, and instantly unlock all premium endpoints'}
[2026-06-22T01:00:39.206+0000] {logging_mixin.py:188} INFO - ❌ GBP/USD: {'Information': 'Thank you for using Alpha Vantage! Please consider spreading out your free API requests more sparingly (1 request per second). You may subscribe to any of the premium plans at https://www.alphavantage.co/premium/ to lift the free key rate limit (25 requests per day), raise the per-second burst limit, and instantly unlock all premium endpoints'}
[2026-06-22T01:00:39.230+0000] {python.py:201} INFO - Done. Returned value was: None
[2026-06-22T01:00:39.245+0000] {taskinstance.py:1138} INFO - Marking task as SUCCESS. dag_id=financial_to_azure, task_id=fetch_forex, execution_date=20260618T180000, start_date=20260622T010037, end_date=20260622T010039
[2026-06-22T01:00:39.307+0000] {local_task_job_runner.py:234} INFO - Task exited with return code 0
[2026-06-22T01:00:39.341+0000] {taskinstance.py:3281} INFO - 0 downstream tasks scheduled from follow-on schedule check
[2026-06-22T01:36:01.231+0000] {taskinstance.py:1957} INFO - Dependencies all met for dep_context=non-requeueable deps ti=<TaskInstance: financial_to_azure.fetch_forex scheduled__2026-06-18T18:00:00+00:00 [queued]>
[2026-06-22T01:36:01.254+0000] {taskinstance.py:1957} INFO - Dependencies all met for dep_context=requeueable deps ti=<TaskInstance: financial_to_azure.fetch_forex scheduled__2026-06-18T18:00:00+00:00 [queued]>
[2026-06-22T01:36:01.255+0000] {taskinstance.py:2171} INFO - Starting attempt 1 of 3
[2026-06-22T01:36:01.289+0000] {taskinstance.py:2192} INFO - Executing <Task(PythonOperator): fetch_forex> on 2026-06-18 18:00:00+00:00
[2026-06-22T01:36:01.302+0000] {standard_task_runner.py:60} INFO - Started process 426 to run task
[2026-06-22T01:36:01.308+0000] {standard_task_runner.py:87} INFO - Running: ['***', 'tasks', 'run', 'financial_to_azure', 'fetch_forex', 'scheduled__2026-06-18T18:00:00+00:00', '--job-id', '3', '--raw', '--subdir', 'DAGS_FOLDER/financial_to_azure.py', '--cfg-path', '/tmp/tmp2my4t08f']
[2026-06-22T01:36:01.315+0000] {standard_task_runner.py:88} INFO - Job 3: Subtask fetch_forex
[2026-06-22T01:36:01.427+0000] {task_command.py:423} INFO - Running <TaskInstance: financial_to_azure.fetch_forex scheduled__2026-06-18T18:00:00+00:00 [running]> on host 2dd081fc6bc2
[2026-06-22T01:36:01.556+0000] {taskinstance.py:2481} INFO - Exporting env vars: AIRFLOW_CTX_DAG_OWNER='ibraheem' AIRFLOW_CTX_DAG_ID='financial_to_azure' AIRFLOW_CTX_TASK_ID='fetch_forex' AIRFLOW_CTX_EXECUTION_DATE='2026-06-18T18:00:00+00:00' AIRFLOW_CTX_TRY_NUMBER='1' AIRFLOW_CTX_DAG_RUN_ID='scheduled__2026-06-18T18:00:00+00:00'
[2026-06-22T01:36:02.087+0000] {logging_mixin.py:188} INFO - ❌ EUR/USD: {'Information': 'Thank you for using Alpha Vantage! Please consider spreading out your free API requests more sparingly (1 request per second). You may subscribe to any of the premium plans at https://www.alphavantage.co/premium/ to lift the free key rate limit (25 requests per day), raise the per-second burst limit, and instantly unlock all premium endpoints'}
[2026-06-22T01:36:02.384+0000] {logging_mixin.py:188} INFO - ❌ USD/EGP: {'Information': 'Thank you for using Alpha Vantage! Please consider spreading out your free API requests more sparingly (1 request per second). You may subscribe to any of the premium plans at https://www.alphavantage.co/premium/ to lift the free key rate limit (25 requests per day), raise the per-second burst limit, and instantly unlock all premium endpoints'}
[2026-06-22T01:36:02.718+0000] {logging_mixin.py:188} INFO - ❌ GBP/USD: {'Information': 'Thank you for using Alpha Vantage! Please consider spreading out your free API requests more sparingly (1 request per second). You may subscribe to any of the premium plans at https://www.alphavantage.co/premium/ to lift the free key rate limit (25 requests per day), raise the per-second burst limit, and instantly unlock all premium endpoints'}
[2026-06-22T01:36:02.742+0000] {python.py:201} INFO - Done. Returned value was: None
[2026-06-22T01:36:02.756+0000] {taskinstance.py:1138} INFO - Marking task as SUCCESS. dag_id=financial_to_azure, task_id=fetch_forex, execution_date=20260618T180000, start_date=20260622T013601, end_date=20260622T013602
[2026-06-22T01:36:02.806+0000] {local_task_job_runner.py:234} INFO - Task exited with return code 0
[2026-06-22T01:36:02.837+0000] {taskinstance.py:3281} INFO - 0 downstream tasks scheduled from follow-on schedule check
