[2026-06-22T15:44:01.480+0000] {taskinstance.py:1957} INFO - Dependencies all met for dep_context=non-requeueable deps ti=<TaskInstance: etl_pipeline.ingest manual__2026-06-22T15:42:31+00:00 [None]>
[2026-06-22T15:44:01.489+0000] {taskinstance.py:1957} INFO - Dependencies all met for dep_context=requeueable deps ti=<TaskInstance: etl_pipeline.ingest manual__2026-06-22T15:42:31+00:00 [None]>
[2026-06-22T15:44:01.490+0000] {taskinstance.py:2171} INFO - Starting attempt 1 of 2
[2026-06-22T15:44:01.492+0000] {taskinstance.py:2250} WARNING - cannot record queued_duration for task ingest because previous state change time has not been saved
[2026-06-22T15:44:01.511+0000] {taskinstance.py:2192} INFO - Executing <Task(PythonOperator): ingest> on 2026-06-22 15:42:31+00:00
[2026-06-22T15:44:01.524+0000] {standard_task_runner.py:60} INFO - Started process 70 to run task
[2026-06-22T15:44:01.529+0000] {standard_task_runner.py:87} INFO - Running: ['***', 'tasks', 'run', 'etl_pipeline', 'ingest', 'manual__2026-06-22T15:42:31+00:00', '--job-id', '30', '--raw', '--subdir', 'DAGS_FOLDER/etl_pipeline.py', '--cfg-path', '/tmp/tmp90se8xy0']
[2026-06-22T15:44:01.534+0000] {standard_task_runner.py:88} INFO - Job 30: Subtask ingest
[2026-06-22T15:44:01.610+0000] {task_command.py:423} INFO - Running <TaskInstance: etl_pipeline.ingest manual__2026-06-22T15:42:31+00:00 [running]> on host 92637fb6e061
[2026-06-22T15:44:01.697+0000] {taskinstance.py:2481} INFO - Exporting env vars: AIRFLOW_CTX_DAG_OWNER='ibraheem' AIRFLOW_CTX_DAG_ID='etl_pipeline' AIRFLOW_CTX_TASK_ID='ingest' AIRFLOW_CTX_EXECUTION_DATE='2026-06-22T15:42:31+00:00' AIRFLOW_CTX_TRY_NUMBER='1' AIRFLOW_CTX_DAG_RUN_ID='manual__2026-06-22T15:42:31+00:00'
[2026-06-22T15:44:02.358+0000] {logging_mixin.py:188} INFO - ✅ AAPL: $298.0100
[2026-06-22T15:44:15.787+0000] {logging_mixin.py:188} INFO - ✅ GOOGL: $368.0300
[2026-06-22T15:44:29.247+0000] {logging_mixin.py:188} INFO - ✅ MSFT: $379.4000
[2026-06-22T15:44:42.674+0000] {logging_mixin.py:188} INFO - ✅ AMZN: $244.3900
[2026-06-22T15:44:56.103+0000] {logging_mixin.py:188} INFO - ✅ TSLA: $400.4900
[2026-06-22T15:45:09.433+0000] {logging_mixin.py:188} INFO - ✅ EUR/USD: 1.14439938
[2026-06-22T15:45:22.738+0000] {logging_mixin.py:188} INFO - ✅ USD/EGP: 49.72286567
[2026-06-22T15:45:36.064+0000] {logging_mixin.py:188} INFO - ✅ GBP/USD: 1.32536296
[2026-06-22T15:45:49.087+0000] {_universal.py:511} INFO - Request URL: 'https://rawdataaamaria.blob.core.windows.net/financial-raw/financial/raw_20260622_154549.json'
Request method: 'PUT'
Request headers:
    'Content-Length': '2016'
    'x-ms-blob-type': 'REDACTED'
    'x-ms-version': 'REDACTED'
    'Content-Type': 'application/octet-stream'
    'Accept': 'application/xml'
    'User-Agent': 'azsdk-python-storage-blob/12.19.0 Python/3.8.18 (Linux-6.18.33.1-microsoft-standard-WSL2-x86_64-with-glibc2.34)'
    'x-ms-date': 'REDACTED'
    'x-ms-client-request-id': '70e83668-6e51-11f1-bbe3-8623db48ac48'
    'Authorization': 'REDACTED'
A body is sent with the request
[2026-06-22T15:45:49.906+0000] {_universal.py:550} INFO - Response status: 201
Response headers:
    'Content-Length': '0'
    'Content-MD5': 'REDACTED'
    'Last-Modified': 'Mon, 22 Jun 2026 15:45:51 GMT'
    'ETag': '"0x8DED07556904C54"'
    'Server': 'Windows-Azure-Blob/1.0 Microsoft-HTTPAPI/2.0'
    'x-ms-request-id': 'ae09b07b-701e-0034-4d5e-02c1f0000000'
    'x-ms-client-request-id': '70e83668-6e51-11f1-bbe3-8623db48ac48'
    'x-ms-version': 'REDACTED'
    'x-ms-content-crc64': 'REDACTED'
    'x-ms-request-server-encrypted': 'REDACTED'
    'Date': 'Mon, 22 Jun 2026 15:45:51 GMT'
[2026-06-22T15:45:49.908+0000] {logging_mixin.py:188} INFO - 🎉 Azure: financial/raw_20260622_154549.json | Stocks:5 Forex:3
[2026-06-22T15:45:49.934+0000] {python.py:201} INFO - Done. Returned value was: None
[2026-06-22T15:45:49.946+0000] {taskinstance.py:1138} INFO - Marking task as SUCCESS. dag_id=etl_pipeline, task_id=ingest, execution_date=20260622T154231, start_date=20260622T154401, end_date=20260622T154549
[2026-06-22T15:45:49.978+0000] {local_task_job_runner.py:234} INFO - Task exited with return code 0
[2026-06-22T15:45:50.005+0000] {taskinstance.py:3281} INFO - 1 downstream tasks scheduled from follow-on schedule check
