[2026-06-22T01:53:47.696+0000] {taskinstance.py:1957} INFO - Dependencies all met for dep_context=non-requeueable deps ti=<TaskInstance: financial_to_azure.upload_to_azure scheduled__2026-06-18T18:00:00+00:00 [queued]>
[2026-06-22T01:53:47.708+0000] {taskinstance.py:1957} INFO - Dependencies all met for dep_context=requeueable deps ti=<TaskInstance: financial_to_azure.upload_to_azure scheduled__2026-06-18T18:00:00+00:00 [queued]>
[2026-06-22T01:53:47.709+0000] {taskinstance.py:2171} INFO - Starting attempt 5 of 7
[2026-06-22T01:53:47.729+0000] {taskinstance.py:2192} INFO - Executing <Task(PythonOperator): upload_to_azure> on 2026-06-18 18:00:00+00:00
[2026-06-22T01:53:47.738+0000] {standard_task_runner.py:60} INFO - Started process 833 to run task
[2026-06-22T01:53:47.741+0000] {standard_task_runner.py:87} INFO - Running: ['***', 'tasks', 'run', 'financial_to_azure', 'upload_to_azure', 'scheduled__2026-06-18T18:00:00+00:00', '--job-id', '15', '--raw', '--subdir', 'DAGS_FOLDER/financial_to_azure.py', '--cfg-path', '/tmp/tmpy_8ac1c9']
[2026-06-22T01:53:47.745+0000] {standard_task_runner.py:88} INFO - Job 15: Subtask upload_to_azure
[2026-06-22T01:53:47.809+0000] {task_command.py:423} INFO - Running <TaskInstance: financial_to_azure.upload_to_azure scheduled__2026-06-18T18:00:00+00:00 [running]> on host 2dd081fc6bc2
[2026-06-22T01:53:47.907+0000] {taskinstance.py:2481} INFO - Exporting env vars: AIRFLOW_CTX_DAG_OWNER='ibraheem' AIRFLOW_CTX_DAG_ID='financial_to_azure' AIRFLOW_CTX_TASK_ID='upload_to_azure' AIRFLOW_CTX_EXECUTION_DATE='2026-06-18T18:00:00+00:00' AIRFLOW_CTX_TRY_NUMBER='5' AIRFLOW_CTX_DAG_RUN_ID='scheduled__2026-06-18T18:00:00+00:00'
[2026-06-22T01:53:47.966+0000] {taskinstance.py:2699} ERROR - Task failed with exception
Traceback (most recent call last):
  File "/home/airflow/.local/lib/python3.8/site-packages/airflow/models/taskinstance.py", line 433, in _execute_task
    result = execute_callable(context=context, **execute_callable_kwargs)
  File "/home/airflow/.local/lib/python3.8/site-packages/airflow/operators/python.py", line 199, in execute
    return_value = self.execute_callable()
  File "/home/airflow/.local/lib/python3.8/site-packages/airflow/operators/python.py", line 216, in execute_callable
    return self.python_callable(*self.op_args, **self.op_kwargs)
  File "/opt/airflow/dags/financial_to_azure.py", line 86, in upload_to_azure
    azure_hook.load_string(string_data=json.dumps(payload, indent=2), container_name=CONTAINER_NAME, blob_name=blob_name, overwrite=True)
  File "/home/airflow/.local/lib/python3.8/site-packages/airflow/providers/microsoft/azure/hooks/wasb.py", line 373, in load_string
    self.upload(
  File "/home/airflow/.local/lib/python3.8/site-packages/airflow/providers/microsoft/azure/hooks/wasb.py", line 430, in upload
    blob_client = self._get_blob_client(container_name, blob_name)
  File "/home/airflow/.local/lib/python3.8/site-packages/airflow/providers/microsoft/azure/hooks/wasb.py", line 245, in _get_blob_client
    return self.blob_service_client.get_blob_client(container=container_name, blob=blob_name)
  File "/usr/local/lib/python3.8/functools.py", line 967, in __get__
    val = self.func(instance)
  File "/home/airflow/.local/lib/python3.8/site-packages/airflow/providers/microsoft/azure/hooks/wasb.py", line 156, in blob_service_client
    return self.get_conn()
  File "/home/airflow/.local/lib/python3.8/site-packages/airflow/providers/microsoft/azure/hooks/wasb.py", line 160, in get_conn
    conn = self.get_connection(self.conn_id)
  File "/home/airflow/.local/lib/python3.8/site-packages/airflow/hooks/base.py", line 82, in get_connection
    conn = Connection.get_connection_from_secrets(conn_id)
  File "/home/airflow/.local/lib/python3.8/site-packages/airflow/models/connection.py", line 479, in get_connection_from_secrets
    raise AirflowNotFoundException(f"The conn_id `{conn_id}` isn't defined")
airflow.exceptions.AirflowNotFoundException: The conn_id `azure_blob_connection` isn't defined
[2026-06-22T01:53:47.978+0000] {taskinstance.py:1138} INFO - Marking task as UP_FOR_RETRY. dag_id=financial_to_azure, task_id=upload_to_azure, execution_date=20260618T180000, start_date=20260622T015347, end_date=20260622T015347
[2026-06-22T01:53:47.992+0000] {standard_task_runner.py:107} ERROR - Failed to execute job 15 for task upload_to_azure (The conn_id `azure_blob_connection` isn't defined; 833)
[2026-06-22T01:53:48.036+0000] {local_task_job_runner.py:234} INFO - Task exited with return code 1
[2026-06-22T01:53:48.067+0000] {taskinstance.py:3281} INFO - 0 downstream tasks scheduled from follow-on schedule check
