[2026-06-22T01:00:40.844+0000] {taskinstance.py:1957} INFO - Dependencies all met for dep_context=non-requeueable deps ti=<TaskInstance: financial_to_azure.upload_to_azure scheduled__2026-06-18T18:00:00+00:00 [queued]>
[2026-06-22T01:00:40.856+0000] {taskinstance.py:1957} INFO - Dependencies all met for dep_context=requeueable deps ti=<TaskInstance: financial_to_azure.upload_to_azure scheduled__2026-06-18T18:00:00+00:00 [queued]>
[2026-06-22T01:00:40.856+0000] {taskinstance.py:2171} INFO - Starting attempt 1 of 3
[2026-06-22T01:00:40.874+0000] {taskinstance.py:2192} INFO - Executing <Task(PythonOperator): upload_to_azure> on 2026-06-18 18:00:00+00:00
[2026-06-22T01:00:40.881+0000] {standard_task_runner.py:60} INFO - Started process 2440 to run task
[2026-06-22T01:00:40.887+0000] {standard_task_runner.py:87} INFO - Running: ['***', 'tasks', 'run', 'financial_to_azure', 'upload_to_azure', 'scheduled__2026-06-18T18:00:00+00:00', '--job-id', '13', '--raw', '--subdir', 'DAGS_FOLDER/financial_to_azure.py', '--cfg-path', '/tmp/tmpp0j5dq2a']
[2026-06-22T01:00:40.893+0000] {standard_task_runner.py:88} INFO - Job 13: Subtask upload_to_azure
[2026-06-22T01:00:40.970+0000] {task_command.py:423} INFO - Running <TaskInstance: financial_to_azure.upload_to_azure scheduled__2026-06-18T18:00:00+00:00 [running]> on host 1f9773bd486f
[2026-06-22T01:00:41.058+0000] {taskinstance.py:2481} INFO - Exporting env vars: AIRFLOW_CTX_DAG_OWNER='ibraheem' AIRFLOW_CTX_DAG_ID='financial_to_azure' AIRFLOW_CTX_TASK_ID='upload_to_azure' AIRFLOW_CTX_EXECUTION_DATE='2026-06-18T18:00:00+00:00' AIRFLOW_CTX_TRY_NUMBER='1' AIRFLOW_CTX_DAG_RUN_ID='scheduled__2026-06-18T18:00:00+00:00'
[2026-06-22T01:00:41.097+0000] {base.py:83} INFO - Using connection ID 'azure_blob_connection' for task execution.
[2026-06-22T01:00:41.445+0000] {logging_mixin.py:188} INFO - 🎉 اترفع: financial/raw_20260622_010041.json
[2026-06-22T01:00:41.446+0000] {logging_mixin.py:188} INFO -    Stocks: 1 | Forex: 0
[2026-06-22T01:00:41.449+0000] {python.py:201} INFO - Done. Returned value was: None
[2026-06-22T01:00:41.462+0000] {taskinstance.py:1138} INFO - Marking task as SUCCESS. dag_id=financial_to_azure, task_id=upload_to_azure, execution_date=20260618T180000, start_date=20260622T010040, end_date=20260622T010041
[2026-06-22T01:00:41.502+0000] {local_task_job_runner.py:234} INFO - Task exited with return code 0
[2026-06-22T01:00:41.528+0000] {taskinstance.py:3281} INFO - 0 downstream tasks scheduled from follow-on schedule check
[2026-06-22T01:36:04.997+0000] {taskinstance.py:1957} INFO - Dependencies all met for dep_context=non-requeueable deps ti=<TaskInstance: financial_to_azure.upload_to_azure scheduled__2026-06-18T18:00:00+00:00 [queued]>
[2026-06-22T01:36:05.007+0000] {taskinstance.py:1957} INFO - Dependencies all met for dep_context=requeueable deps ti=<TaskInstance: financial_to_azure.upload_to_azure scheduled__2026-06-18T18:00:00+00:00 [queued]>
[2026-06-22T01:36:05.008+0000] {taskinstance.py:2171} INFO - Starting attempt 1 of 3
[2026-06-22T01:36:05.031+0000] {taskinstance.py:2192} INFO - Executing <Task(PythonOperator): upload_to_azure> on 2026-06-18 18:00:00+00:00
[2026-06-22T01:36:05.037+0000] {standard_task_runner.py:60} INFO - Started process 428 to run task
[2026-06-22T01:36:05.041+0000] {standard_task_runner.py:87} INFO - Running: ['***', 'tasks', 'run', 'financial_to_azure', 'upload_to_azure', 'scheduled__2026-06-18T18:00:00+00:00', '--job-id', '5', '--raw', '--subdir', 'DAGS_FOLDER/financial_to_azure.py', '--cfg-path', '/tmp/tmpod9hb1e_']
[2026-06-22T01:36:05.046+0000] {standard_task_runner.py:88} INFO - Job 5: Subtask upload_to_azure
[2026-06-22T01:36:05.127+0000] {task_command.py:423} INFO - Running <TaskInstance: financial_to_azure.upload_to_azure scheduled__2026-06-18T18:00:00+00:00 [running]> on host 2dd081fc6bc2
[2026-06-22T01:36:05.237+0000] {taskinstance.py:2481} INFO - Exporting env vars: AIRFLOW_CTX_DAG_OWNER='ibraheem' AIRFLOW_CTX_DAG_ID='financial_to_azure' AIRFLOW_CTX_TASK_ID='upload_to_azure' AIRFLOW_CTX_EXECUTION_DATE='2026-06-18T18:00:00+00:00' AIRFLOW_CTX_TRY_NUMBER='1' AIRFLOW_CTX_DAG_RUN_ID='scheduled__2026-06-18T18:00:00+00:00'
[2026-06-22T01:36:05.289+0000] {taskinstance.py:2699} ERROR - Task failed with exception
Traceback (most recent call last):
  File "/home/airflow/.local/lib/python3.8/site-packages/airflow/models/taskinstance.py", line 433, in _execute_task
    result = execute_callable(context=context, **execute_callable_kwargs)
  File "/home/airflow/.local/lib/python3.8/site-packages/airflow/operators/python.py", line 199, in execute
    return_value = self.execute_callable()
  File "/home/airflow/.local/lib/python3.8/site-packages/airflow/operators/python.py", line 216, in execute_callable
    return self.python_callable(*self.op_args, **self.op_kwargs)
  File "/opt/airflow/dags/financial_to_azure.py", line 86, in upload_to_azure
    azure_hook.load_string(string_data=json.dumps(payload, indent=2), container_name=CONTAINER_NAME, blob_name=blob_name, overwrite=True)
  File "/home/airflow/.local/lib/python3.8/site-packages/airflow/providers/microsoft/azure/hooks/wasb.py", line 373, in load_string
    self.upload(
  File "/home/airflow/.local/lib/python3.8/site-packages/airflow/providers/microsoft/azure/hooks/wasb.py", line 430, in upload
    blob_client = self._get_blob_client(container_name, blob_name)
  File "/home/airflow/.local/lib/python3.8/site-packages/airflow/providers/microsoft/azure/hooks/wasb.py", line 245, in _get_blob_client
    return self.blob_service_client.get_blob_client(container=container_name, blob=blob_name)
  File "/usr/local/lib/python3.8/functools.py", line 967, in __get__
    val = self.func(instance)
  File "/home/airflow/.local/lib/python3.8/site-packages/airflow/providers/microsoft/azure/hooks/wasb.py", line 156, in blob_service_client
    return self.get_conn()
  File "/home/airflow/.local/lib/python3.8/site-packages/airflow/providers/microsoft/azure/hooks/wasb.py", line 160, in get_conn
    conn = self.get_connection(self.conn_id)
  File "/home/airflow/.local/lib/python3.8/site-packages/airflow/hooks/base.py", line 82, in get_connection
    conn = Connection.get_connection_from_secrets(conn_id)
  File "/home/airflow/.local/lib/python3.8/site-packages/airflow/models/connection.py", line 479, in get_connection_from_secrets
    raise AirflowNotFoundException(f"The conn_id `{conn_id}` isn't defined")
airflow.exceptions.AirflowNotFoundException: The conn_id `azure_blob_connection` isn't defined
[2026-06-22T01:36:05.302+0000] {taskinstance.py:1138} INFO - Marking task as UP_FOR_RETRY. dag_id=financial_to_azure, task_id=upload_to_azure, execution_date=20260618T180000, start_date=20260622T013604, end_date=20260622T013605
[2026-06-22T01:36:05.319+0000] {standard_task_runner.py:107} ERROR - Failed to execute job 5 for task upload_to_azure (The conn_id `azure_blob_connection` isn't defined; 428)
[2026-06-22T01:36:05.335+0000] {local_task_job_runner.py:234} INFO - Task exited with return code 1
[2026-06-22T01:36:05.362+0000] {taskinstance.py:3281} INFO - 0 downstream tasks scheduled from follow-on schedule check
