[2026-06-22T00:07:11.566+0000] {taskinstance.py:1947} INFO - Dependencies not met for <TaskInstance: financial_to_azure.upload_to_azure manual__2026-06-22T00:01:41+00:00 [None]>, dependency 'Trigger Rule' FAILED: Task's trigger rule 'all_success' requires all upstream tasks to have succeeded, but found 1 non-success(es). upstream_states=_UpstreamTIStates(success=1, skipped=0, failed=0, upstream_failed=0, removed=0, done=1, success_setup=0, skipped_setup=0), upstream_task_ids={'fetch_stocks', 'fetch_forex'}
[2026-06-22T00:07:11.569+0000] {local_task_job_runner.py:160} INFO - Task is not able to be run
[2026-06-22T00:07:47.427+0000] {taskinstance.py:1947} INFO - Dependencies not met for <TaskInstance: financial_to_azure.upload_to_azure manual__2026-06-22T00:01:41+00:00 [None]>, dependency 'Trigger Rule' FAILED: Task's trigger rule 'all_success' requires all upstream tasks to have succeeded, but found 1 non-success(es). upstream_states=_UpstreamTIStates(success=1, skipped=0, failed=0, upstream_failed=0, removed=0, done=1, success_setup=0, skipped_setup=0), upstream_task_ids={'fetch_forex', 'fetch_stocks'}
[2026-06-22T00:07:47.431+0000] {local_task_job_runner.py:160} INFO - Task is not able to be run
[2026-06-22T00:14:12.771+0000] {taskinstance.py:1947} INFO - Dependencies not met for <TaskInstance: financial_to_azure.upload_to_azure manual__2026-06-22T00:01:41+00:00 [scheduled]>, dependency 'Task Instance State' FAILED: Task is in the 'scheduled' state.
[2026-06-22T00:14:12.779+0000] {local_task_job_runner.py:160} INFO - Task is not able to be run
[2026-06-22T01:00:37.597+0000] {taskinstance.py:1957} INFO - Dependencies all met for dep_context=non-requeueable deps ti=<TaskInstance: financial_to_azure.upload_to_azure manual__2026-06-22T00:01:41+00:00 [queued]>
[2026-06-22T01:00:37.619+0000] {taskinstance.py:1957} INFO - Dependencies all met for dep_context=requeueable deps ti=<TaskInstance: financial_to_azure.upload_to_azure manual__2026-06-22T00:01:41+00:00 [queued]>
[2026-06-22T01:00:37.621+0000] {taskinstance.py:2171} INFO - Starting attempt 1 of 3
[2026-06-22T01:00:37.652+0000] {taskinstance.py:2192} INFO - Executing <Task(PythonOperator): upload_to_azure> on 2026-06-22 00:01:41+00:00
[2026-06-22T01:00:37.670+0000] {standard_task_runner.py:60} INFO - Started process 2436 to run task
[2026-06-22T01:00:37.688+0000] {standard_task_runner.py:87} INFO - Running: ['***', 'tasks', 'run', 'financial_to_azure', 'upload_to_azure', 'manual__2026-06-22T00:01:41+00:00', '--job-id', '8', '--raw', '--subdir', 'DAGS_FOLDER/financial_to_azure.py', '--cfg-path', '/tmp/tmp1k9jyoia']
[2026-06-22T01:00:37.694+0000] {standard_task_runner.py:88} INFO - Job 8: Subtask upload_to_azure
[2026-06-22T01:00:37.883+0000] {task_command.py:423} INFO - Running <TaskInstance: financial_to_azure.upload_to_azure manual__2026-06-22T00:01:41+00:00 [running]> on host 1f9773bd486f
[2026-06-22T01:00:38.076+0000] {taskinstance.py:2481} INFO - Exporting env vars: AIRFLOW_CTX_DAG_OWNER='ibraheem' AIRFLOW_CTX_DAG_ID='financial_to_azure' AIRFLOW_CTX_TASK_ID='upload_to_azure' AIRFLOW_CTX_EXECUTION_DATE='2026-06-22T00:01:41+00:00' AIRFLOW_CTX_TRY_NUMBER='1' AIRFLOW_CTX_DAG_RUN_ID='manual__2026-06-22T00:01:41+00:00'
[2026-06-22T01:00:38.132+0000] {base.py:83} INFO - Using connection ID 'azure_blob_connection' for task execution.
[2026-06-22T01:00:38.584+0000] {logging_mixin.py:188} INFO - 🎉 اترفع: financial/raw_20260622_010038.json
[2026-06-22T01:00:38.585+0000] {logging_mixin.py:188} INFO -    Stocks: 2 | Forex: 1
[2026-06-22T01:00:38.588+0000] {python.py:201} INFO - Done. Returned value was: None
[2026-06-22T01:00:38.599+0000] {taskinstance.py:1138} INFO - Marking task as SUCCESS. dag_id=financial_to_azure, task_id=upload_to_azure, execution_date=20260622T000141, start_date=20260622T010037, end_date=20260622T010038
[2026-06-22T01:00:38.656+0000] {local_task_job_runner.py:234} INFO - Task exited with return code 0
[2026-06-22T01:00:38.681+0000] {taskinstance.py:3281} INFO - 0 downstream tasks scheduled from follow-on schedule check
